{"/Users/ROGERS/Desktop/ROGERS/PROYECTOS - Software/ckPayment-11 Agosto/ckPayment-web3/src/components/icons/index.ts": {"path":"/Users/ROGERS/Desktop/ROGERS/PROYECTOS - Software/ckPayment-11 Agosto/ckPayment-web3/src/components/icons/index.ts","statementMap":{},"fnMap":{},"branchMap":{},"s":{},"f":{},"b":{}}
,"/Users/ROGERS/Desktop/ROGERS/PROYECTOS - Software/ckPayment-11 Agosto/ckPayment-web3/src/components/ui/aspect-ratio.tsx": {"path":"/Users/ROGERS/Desktop/ROGERS/PROYECTOS - Software/ckPayment-11 Agosto/ckPayment-web3/src/components/ui/aspect-ratio.tsx","statementMap":{"0":{"start":{"line":3,"column":20},"end":{"line":3,"column":45}}},"fnMap":{},"branchMap":{},"s":{"0":0},"f":{},"b":{}}
,"/Users/ROGERS/Desktop/ROGERS/PROYECTOS - Software/ckPayment-11 Agosto/ckPayment-web3/src/components/ui/collapsible.tsx": {"path":"/Users/ROGERS/Desktop/ROGERS/PROYECTOS - Software/ckPayment-11 Agosto/ckPayment-web3/src/components/ui/collapsible.tsx","statementMap":{"0":{"start":{"line":3,"column":20},"end":{"line":3,"column":45}},"1":{"start":{"line":5,"column":27},"end":{"line":5,"column":66}},"2":{"start":{"line":7,"column":27},"end":{"line":7,"column":66}}},"fnMap":{},"branchMap":{},"s":{"0":0,"1":0,"2":0},"f":{},"b":{}}
,"/Users/ROGERS/Desktop/ROGERS/PROYECTOS - Software/ckPayment-11 Agosto/ckPayment-web3/src/components/ui/use-toast.ts": {"path":"/Users/ROGERS/Desktop/ROGERS/PROYECTOS - Software/ckPayment-11 Agosto/ckPayment-web3/src/components/ui/use-toast.ts","statementMap":{},"fnMap":{},"branchMap":{},"s":{},"f":{},"b":{}}
,"/Users/ROGERS/Desktop/ROGERS/PROYECTOS - Software/ckPayment-11 Agosto/ckPayment-web3/src/hooks/use-mobile.tsx": {"path":"/Users/ROGERS/Desktop/ROGERS/PROYECTOS - Software/ckPayment-11 Agosto/ckPayment-web3/src/hooks/use-mobile.tsx","statementMap":{"0":{"start":{"line":3,"column":26},"end":{"line":3,"column":29}},"1":{"start":{"line":6,"column":34},"end":{"line":6,"column":80}},"2":{"start":{"line":8,"column":2},"end":{"line":16,"column":8}},"3":{"start":{"line":9,"column":16},"end":{"line":9,"column":76}},"4":{"start":{"line":10,"column":21},"end":{"line":12,"column":5}},"5":{"start":{"line":11,"column":6},"end":{"line":11,"column":56}},"6":{"start":{"line":13,"column":4},"end":{"line":13,"column":44}},"7":{"start":{"line":14,"column":4},"end":{"line":14,"column":54}},"8":{"start":{"line":15,"column":4},"end":{"line":15,"column":60}},"9":{"start":{"line":15,"column":17},"end":{"line":15,"column":60}},"10":{"start":{"line":18,"column":2},"end":{"line":18,"column":19}}},"fnMap":{"0":{"name":"useIsMobile","decl":{"start":{"line":5,"column":16},"end":{"line":5,"column":27}},"loc":{"start":{"line":5,"column":30},"end":{"line":19,"column":1}},"line":5},"1":{"name":"(anonymous_1)","decl":{"start":{"line":8,"column":18},"end":{"line":8,"column":19}},"loc":{"start":{"line":8,"column":24},"end":{"line":16,"column":3}},"line":8},"2":{"name":"(anonymous_2)","decl":{"start":{"line":10,"column":21},"end":{"line":10,"column":22}},"loc":{"start":{"line":10,"column":27},"end":{"line":12,"column":5}},"line":10},"3":{"name":"(anonymous_3)","decl":{"start":{"line":15,"column":11},"end":{"line":15,"column":12}},"loc":{"start":{"line":15,"column":17},"end":{"line":15,"column":60}},"line":15}},"branchMap":{},"s":{"0":0,"1":0,"2":0,"3":0,"4":0,"5":0,"6":0,"7":0,"8":0,"9":0,"10":0},"f":{"0":0,"1":0,"2":0,"3":0},"b":{}}
,"/Users/ROGERS/Desktop/ROGERS/PROYECTOS - Software/ckPayment-11 Agosto/ckPayment-web3/src/lib/animations.ts": {"path":"/Users/ROGERS/Desktop/ROGERS/PROYECTOS - Software/ckPayment-11 Agosto/ckPayment-web3/src/lib/animations.ts","statementMap":{"0":{"start":{"line":4,"column":24},"end":{"line":14,"column":1}},"1":{"start":{"line":16,"column":32},"end":{"line":25,"column":1}},"2":{"start":{"line":28,"column":34},"end":{"line":55,"column":1}},"3":{"start":{"line":29,"column":36},"end":{"line":29,"column":51}},"4":{"start":{"line":30,"column":14},"end":{"line":30,"column":42}},"5":{"start":{"line":32,"column":2},"end":{"line":52,"column":9}},"6":{"start":{"line":33,"column":21},"end":{"line":41,"column":5}},"7":{"start":{"line":35,"column":8},"end":{"line":38,"column":9}},"8":{"start":{"line":36,"column":10},"end":{"line":36,"column":29}},"9":{"start":{"line":37,"column":10},"end":{"line":37,"column":43}},"10":{"start":{"line":43,"column":4},"end":{"line":45,"column":5}},"11":{"start":{"line":44,"column":6},"end":{"line":44,"column":36}},"12":{"start":{"line":47,"column":4},"end":{"line":51,"column":6}},"13":{"start":{"line":48,"column":6},"end":{"line":50,"column":7}},"14":{"start":{"line":49,"column":8},"end":{"line":49,"column":40}},"15":{"start":{"line":54,"column":2},"end":{"line":54,"column":28}},"16":{"start":{"line":58,"column":36},"end":{"line":66,"column":1}},"17":{"start":{"line":68,"column":29},"end":{"line":72,"column":1}}},"fnMap":{"0":{"name":"(anonymous_0)","decl":{"start":{"line":28,"column":34},"end":{"line":28,"column":35}},"loc":{"start":{"line":28,"column":40},"end":{"line":55,"column":1}},"line":28},"1":{"name":"(anonymous_1)","decl":{"start":{"line":32,"column":12},"end":{"line":32,"column":13}},"loc":{"start":{"line":32,"column":18},"end":{"line":52,"column":3}},"line":32},"2":{"name":"(anonymous_2)","decl":{"start":{"line":34,"column":6},"end":{"line":34,"column":7}},"loc":{"start":{"line":34,"column":19},"end":{"line":39,"column":7}},"line":34},"3":{"name":"(anonymous_3)","decl":{"start":{"line":47,"column":11},"end":{"line":47,"column":12}},"loc":{"start":{"line":47,"column":17},"end":{"line":51,"column":5}},"line":47}},"branchMap":{"0":{"loc":{"start":{"line":35,"column":8},"end":{"line":38,"column":9}},"type":"if","locations":[{"start":{"line":35,"column":8},"end":{"line":38,"column":9}},{"start":{},"end":{}}],"line":35},"1":{"loc":{"start":{"line":43,"column":4},"end":{"line":45,"column":5}},"type":"if","locations":[{"start":{"line":43,"column":4},"end":{"line":45,"column":5}},{"start":{},"end":{}}],"line":43},"2":{"loc":{"start":{"line":48,"column":6},"end":{"line":50,"column":7}},"type":"if","locations":[{"start":{"line":48,"column":6},"end":{"line":50,"column":7}},{"start":{},"end":{}}],"line":48}},"s":{"0":0,"1":0,"2":0,"3":0,"4":0,"5":0,"6":0,"7":0,"8":0,"9":0,"10":0,"11":0,"12":0,"13":0,"14":0,"15":0,"16":0,"17":0},"f":{"0":0,"1":0,"2":0,"3":0},"b":{"0":[0,0],"1":[0,0],"2":[0,0]}}
}
